#
# There is insufficient memory for the Java Runtime Environment to continue.
# Native memory allocation (malloc) failed to allocate 1096096 bytes for Chunk::new
# Possible reasons:
#   The system is out of physical RAM or swap space
#   The process is running with CompressedOops enabled, and the Java Heap may be blocking the growth of the native heap
# Possible solutions:
#   Reduce memory load on the system
#   Increase physical memory or swap space
#   Check if swap backing store is full
#   Decrease Java heap size (-Xmx/-Xms)
#   Decrease number of Java threads
#   Decrease Java thread stack sizes (-Xss)
#   Set larger code cache with -XX:ReservedCodeCacheSize=
#   JVM is running with Unscaled Compressed Oops mode in which the Java heap is
#     placed in the first 4GB address space. The Java Heap base address is the
#     maximum limit for the native heap growth. Please use -XX:HeapBaseMinAddress
#     to set the Java Heap base and to place the Java Heap above 4GB virtual address.
# This output file may be truncated or incomplete.
#
#  Out of Memory Error (allocation.cpp:389), pid=22240, tid=0x0000000000000e74
#
# JRE version: OpenJDK Runtime Environment (8.0_242-b01) (build 1.8.0_242-release-1644-b01)
# Java VM: OpenJDK 64-Bit Server VM (25.242-b01 mixed mode windows-amd64 compressed oops)
# Failed to write core dump. Minidumps are not enabled by default on client versions of Windows
#

---------------  T H R E A D  ---------------

Current thread (0x00000000188c8000):  JavaThread "C2 CompilerThread1" daemon [_thread_in_native, id=3700, stack(0x000000001a010000,0x000000001a110000)]

Stack: [0x000000001a010000,0x000000001a110000]
[error occurred during error reporting (printing stack bounds), id 0xc0000005]

Native frames: (J=compiled Java code, j=interpreted, Vv=VM code, C=native code)


Current CompileTask:
C2:  58130 14331 %     4       com.android.tools.r8.ir.code.IRCode::b @ 98 (1148 bytes)


---------------  P R O C E S S  ---------------

Java Threads: ( => current thread )
  0x0000000021cef000 JavaThread "RMI TCP Connection(1)-127.0.0.1" daemon [_thread_in_native, id=1620, stack(0x0000000030490000,0x0000000030590000)]
  0x000000001e5cb800 JavaThread "RMI Reaper" [_thread_blocked, id=22432, stack(0x0000000034750000,0x0000000034850000)]
  0x000000001e5cc800 JavaThread "RMI TCP Accept-0" daemon [_thread_in_native, id=21512, stack(0x0000000031650000,0x0000000031750000)]
  0x000000001e5d0000 JavaThread "GC Daemon" daemon [_thread_blocked, id=14984, stack(0x0000000030390000,0x0000000030490000)]
  0x000000001e5cf800 JavaThread "RMI RenewClean-[127.0.0.1:17450,org.jetbrains.kotlin.daemon.common.LoopbackNetworkInterface$ClientLoopbackSocketFactory@69f61963]" daemon [_thread_blocked, id=6752, stack(0x0000000030290000,0x0000000030390000)]
  0x000000001e5d1800 JavaThread "RMI Scheduler(0)" daemon [_thread_blocked, id=22392, stack(0x000000002ff60000,0x0000000030060000)]
  0x000000001e5ce800 JavaThread "WorkerExecutor Queue Thread 10" [_thread_blocked, id=9760, stack(0x000000002e590000,0x000000002e690000)]
  0x000000001e5c9800 JavaThread "WorkerExecutor Queue Thread 9" [_thread_blocked, id=14428, stack(0x000000002cd60000,0x000000002ce60000)]
  0x000000001e5c7800 JavaThread "stdout" [_thread_in_native, id=25876, stack(0x000000002cc60000,0x000000002cd60000)]
  0x000000001e5c7000 JavaThread "stderr" [_thread_in_native, id=4192, stack(0x000000002cb60000,0x000000002cc60000)]
  0x0000000021b6f800 JavaThread "stdout" [_thread_in_native, id=22912, stack(0x000000002ca60000,0x000000002cb60000)]
  0x0000000021b6f000 JavaThread "stderr" [_thread_in_native, id=18588, stack(0x000000002c960000,0x000000002ca60000)]
  0x0000000021b6c800 JavaThread "stdout" [_thread_in_native, id=11520, stack(0x000000002c860000,0x000000002c960000)]
  0x0000000021b6b800 JavaThread "stderr" [_thread_in_native, id=5452, stack(0x000000002c760000,0x000000002c860000)]
  0x0000000021b6a000 JavaThread "stdout" [_thread_in_native, id=3596, stack(0x000000002c660000,0x000000002c760000)]
  0x0000000021b6e000 JavaThread "stderr" [_thread_in_native, id=15240, stack(0x000000002c560000,0x000000002c660000)]
  0x0000000021b6d000 JavaThread "stdout" [_thread_in_native, id=27316, stack(0x000000002c460000,0x000000002c560000)]
  0x0000000021b6b000 JavaThread "stderr" [_thread_in_native, id=14316, stack(0x000000002c360000,0x000000002c460000)]
  0x0000000021b62800 JavaThread "stdout" [_thread_in_native, id=20744, stack(0x000000002c260000,0x000000002c360000)]
  0x0000000021b69800 JavaThread "stderr" [_thread_in_native, id=4516, stack(0x000000002c160000,0x000000002c260000)]
  0x0000000021b68800 JavaThread "stdout" [_thread_in_native, id=25544, stack(0x000000002c060000,0x000000002c160000)]
  0x0000000021b65800 JavaThread "stderr" [_thread_in_native, id=13652, stack(0x000000002bf60000,0x000000002c060000)]
  0x0000000021b65000 JavaThread "stdout" [_thread_in_native, id=26412, stack(0x000000002be60000,0x000000002bf60000)]
  0x0000000021b64000 JavaThread "stderr" [_thread_in_native, id=27820, stack(0x000000002ba40000,0x000000002bb40000)]
  0x0000000021b63800 JavaThread "pool-2-thread-1" [_thread_blocked, id=19644, stack(0x000000002bd60000,0x000000002be60000)]
  0x0000000021b61000 JavaThread "WorkerExecutor Queue Thread 8" [_thread_blocked, id=6240, stack(0x000000002bc60000,0x000000002bd60000)]
  0x0000000021b62000 JavaThread "WorkerExecutor Queue Thread 7" [_thread_blocked, id=18652, stack(0x000000002bb60000,0x000000002bc60000)]
  0x0000000021b68000 JavaThread "WorkerExecutor Queue Thread 6" [_thread_blocked, id=26000, stack(0x000000002b430000,0x000000002b530000)]
  0x0000000021b60800 JavaThread "WorkerExecutor Queue Thread 5" [_thread_blocked, id=18164, stack(0x000000002b940000,0x000000002ba40000)]
  0x0000000021b67000 JavaThread "WorkerExecutor Queue Thread 4" [_thread_blocked, id=21240, stack(0x000000002b840000,0x000000002b940000)]
  0x0000000021b66800 JavaThread "WorkerExecutor Queue Thread 3" [_thread_blocked, id=23496, stack(0x000000002b740000,0x000000002b840000)]
  0x0000000020ffc000 JavaThread "WorkerExecutor Queue Thread 2" [_thread_blocked, id=10192, stack(0x000000002b640000,0x000000002b740000)]
  0x0000000020ffb000 JavaThread "WorkerExecutor Queue" [_thread_blocked, id=6604, stack(0x000000002b540000,0x000000002b640000)]
  0x0000000021001800 JavaThread "Exec process Thread 3" [_thread_blocked, id=23376, stack(0x0000000029f60000,0x000000002a060000)]
  0x0000000021002000 JavaThread "Exec process Thread 2" [_thread_blocked, id=14120, stack(0x0000000029e60000,0x0000000029f60000)]
  0x0000000020ffd800 JavaThread "Exec process" [_thread_blocked, id=9916, stack(0x0000000029d60000,0x0000000029e60000)]
  0x000000001eabe800 JavaThread "Cache worker for execution history cache (D:\Android\flutter_app\android\.gradle\5.6.2\executionHistory)" [_thread_blocked, id=6728, stack(0x0000000029c60000,0x0000000029d60000)]
  0x000000001b370000 JavaThread "Execution worker for ':' Thread 11" [_thread_blocked, id=22160, stack(0x0000000029960000,0x0000000029a60000)]
  0x000000001b36f000 JavaThread "Execution worker for ':' Thread 10" [_thread_blocked, id=17356, stack(0x0000000029860000,0x0000000029960000)]
  0x000000001b36d000 JavaThread "Execution worker for ':' Thread 9" [_thread_blocked, id=1476, stack(0x0000000029760000,0x0000000029860000)]
  0x000000001b373800 JavaThread "Execution worker for ':' Thread 8" [_thread_blocked, id=11252, stack(0x0000000029660000,0x0000000029760000)]
  0x000000001b373000 JavaThread "Execution worker for ':' Thread 7" [_thread_blocked, id=8032, stack(0x0000000029560000,0x0000000029660000)]
  0x000000001b370800 JavaThread "Execution worker for ':' Thread 6" [_thread_blocked, id=7160, stack(0x0000000029460000,0x0000000029560000)]
  0x000000001b36e800 JavaThread "Execution worker for ':' Thread 5" [_thread_blocked, id=6400, stack(0x0000000029360000,0x0000000029460000)]
  0x000000001b36c000 JavaThread "Execution worker for ':' Thread 4" [_thread_blocked, id=24832, stack(0x0000000029260000,0x0000000029360000)]
  0x000000001b371800 JavaThread "Execution worker for ':' Thread 3" [_thread_blocked, id=27044, stack(0x0000000027cc0000,0x0000000027dc0000)]
  0x000000001b36d800 JavaThread "Execution worker for ':' Thread 2" [_thread_blocked, id=5816, stack(0x0000000027bc0000,0x0000000027cc0000)]
  0x000000001b372000 JavaThread "Execution worker for ':'" [_thread_blocked, id=9972, stack(0x0000000027ac0000,0x0000000027bc0000)]
  0x000000001b369000 JavaThread "Cache worker for file content cache (D:\Android\flutter_app\android\.gradle\5.6.2\fileContent)" [_thread_blocked, id=21416, stack(0x0000000025f00000,0x0000000026000000)]
  0x000000001b368800 JavaThread "Cache worker for file content cache (C:\Users\user\.gradle\caches\5.6.2\fileContent)" [_thread_blocked, id=24500, stack(0x00000000257f0000,0x00000000258f0000)]
  0x000000001b36a800 JavaThread "Memory manager" [_thread_blocked, id=23704, stack(0x00000000013f0000,0x00000000014f0000)]
  0x000000001eac0000 JavaThread "Cache worker for Build Output Cleanup Cache (D:\Android\flutter_app\android\.gradle\buildOutputCleanup)" [_thread_blocked, id=10680, stack(0x00000000256f0000,0x00000000257f0000)]
  0x000000001eabf000 JavaThread "pool-1-thread-1" [_thread_blocked, id=26392, stack(0x00000000251f0000,0x00000000252f0000)]
  0x000000001eabd800 JavaThread "Build operations Thread 12" [_thread_blocked, id=23688, stack(0x00000000247f0000,0x00000000248f0000)]
  0x000000001eabd000 JavaThread "Build operations Thread 11" [_thread_blocked, id=26540, stack(0x00000000246f0000,0x00000000247f0000)]
  0x000000001eabc000 JavaThread "Build operations Thread 10" [_thread_blocked, id=544, stack(0x00000000245f0000,0x00000000246f0000)]
  0x000000001eab4800 JavaThread "Build operations Thread 9" [_thread_blocked, id=5188, stack(0x00000000244f0000,0x00000000245f0000)]
  0x000000001eabb800 JavaThread "Build operations Thread 8" [_thread_blocked, id=10644, stack(0x00000000243f0000,0x00000000244f0000)]
  0x000000001eaba800 JavaThread "Build operations Thread 7" [_thread_blocked, id=18208, stack(0x00000000242f0000,0x00000000243f0000)]
  0x000000001eab8800 JavaThread "Build operations Thread 6" [_thread_blocked, id=12780, stack(0x00000000241f0000,0x00000000242f0000)]
  0x000000001eab7800 JavaThread "Build operations Thread 5" [_thread_blocked, id=16768, stack(0x00000000240f0000,0x00000000241f0000)]
  0x000000001eab3000 JavaThread "Build operations Thread 4" [_thread_blocked, id=1988, stack(0x0000000023ff0000,0x00000000240f0000)]
  0x000000001eab9000 JavaThread "Build operations Thread 3" [_thread_blocked, id=11316, stack(0x0000000023ef0000,0x0000000023ff0000)]
  0x000000001eaba000 JavaThread "Build operations Thread 2" [_thread_blocked, id=26208, stack(0x0000000023df0000,0x0000000023ef0000)]
  0x000000001eab5800 JavaThread "Build operations" [_thread_blocked, id=14844, stack(0x0000000023a30000,0x0000000023b30000)]
  0x000000001eab2800 JavaThread "Cache worker for execution history cache (C:\Users\user\.gradle\caches\5.6.2\executionHistory)" [_thread_blocked, id=2576, stack(0x0000000023730000,0x0000000023830000)]
  0x000000001eab4000 JavaThread "Cache worker for cache directory md-rule (C:\Users\user\.gradle\caches\5.6.2\md-rule)" [_thread_blocked, id=19692, stack(0x0000000020ba0000,0x0000000020ca0000)]
  0x000000001eab7000 JavaThread "Cache worker for cache directory md-supplier (C:\Users\user\.gradle\caches\5.6.2\md-supplier)" [_thread_blocked, id=23784, stack(0x00000000206d0000,0x00000000207d0000)]
  0x00000000188c1000 JavaThread "Cache worker for file hash cache (D:\Android\flutter_app\android\.gradle\5.6.2\fileHashes)" [_thread_blocked, id=1540, stack(0x0000000020aa0000,0x0000000020ba0000)]
  0x00000000188c6800 JavaThread "Cache worker for journal cache (C:\Users\user\.gradle\caches\journal-1)" [_thread_blocked, id=11044, stack(0x000000001e230000,0x000000001e330000)]
  0x00000000188c7800 JavaThread "File lock request listener" [_thread_in_native, id=8476, stack(0x000000001e130000,0x000000001e230000)]
  0x000000001c34e000 JavaThread "Cache worker for file hash cache (C:\Users\user\.gradle\caches\5.6.2\fileHashes)" [_thread_blocked, id=22820, stack(0x000000001e030000,0x000000001e130000)]
  0x000000001c0d2800 JavaThread "Thread-9" [_thread_blocked, id=27404, stack(0x000000001df30000,0x000000001e030000)]
  0x000000001c0d1800 JavaThread "Stdin handler" [_thread_blocked, id=20148, stack(0x000000001de30000,0x000000001df30000)]
  0x000000001c0b0800 JavaThread "Asynchronous log dispatcher for DefaultDaemonConnection: socket connection from /127.0.0.1:64600 to /127.0.0.1:64601" [_thread_blocked, id=22748, stack(0x000000001db30000,0x000000001dc30000)]
  0x000000001c057000 JavaThread "Daemon worker" [_thread_in_native, id=14952, stack(0x000000001da30000,0x000000001db30000)]
  0x000000001c053000 JavaThread "Cancel handler" [_thread_blocked, id=11700, stack(0x000000001d830000,0x000000001d930000)]
  0x000000001c050000 JavaThread "Handler for socket connection from /127.0.0.1:64600 to /127.0.0.1:64601" [_thread_in_native, id=13676, stack(0x000000001d730000,0x000000001d830000)]
  0x000000001c04f000 JavaThread "Daemon" [_thread_blocked, id=17700, stack(0x000000001d630000,0x000000001d730000)]
  0x000000001c014000 JavaThread "Daemon periodic checks" [_thread_blocked, id=19600, stack(0x000000001d530000,0x000000001d630000)]
  0x000000001c013000 JavaThread "Incoming local TCP Connector on port 64600" [_thread_in_native, id=13604, stack(0x000000001d2f0000,0x000000001d3f0000)]
  0x000000001beec000 JavaThread "Daemon health stats" [_thread_blocked, id=5144, stack(0x000000001ccb0000,0x000000001cdb0000)]
  0x0000000018942000 JavaThread "Service Thread" daemon [_thread_blocked, id=22696, stack(0x000000001a310000,0x000000001a410000)]
  0x00000000188c3800 JavaThread "C1 CompilerThread3" daemon [_thread_blocked, id=20128, stack(0x000000001a210000,0x000000001a310000)]
  0x00000000188c5000 JavaThread "C2 CompilerThread2" daemon [_thread_in_native, id=27692, stack(0x000000001a110000,0x000000001a210000)]
=>0x00000000188c8000 JavaThread "C2 CompilerThread1" daemon [_thread_in_native, id=3700, stack(0x000000001a010000,0x000000001a110000)]
  0x00000000188bb800 JavaThread "C2 CompilerThread0" daemon [_thread_in_native, id=8980, stack(0x0000000019f10000,0x000000001a010000)]
  0x00000000188b2800 JavaThread "Attach Listener" daemon [_thread_blocked, id=13636, stack(0x0000000019e10000,0x0000000019f10000)]
  0x00000000188b8000 JavaThread "Signal Dispatcher" daemon [_thread_blocked, id=1072, stack(0x0000000019d10000,0x0000000019e10000)]
  0x00000000031eb000 JavaThread "Finalizer" daemon [_thread_blocked, id=15464, stack(0x0000000019b00000,0x0000000019c00000)]
  0x00000000188a3000 JavaThread "Reference Handler" daemon [_thread_blocked, id=1820, stack(0x0000000019a00000,0x0000000019b00000)]
  0x00000000030f2800 JavaThread "main" [_thread_blocked, id=3588, stack(0x0000000002fd0000,0x00000000030d0000)]

Other Threads:
  0x00000000171d6000 VMThread [stack: 0x0000000019900000,0x0000000019a00000] [id=27208]
  0x0000000018943800 WatcherThread [stack: 0x000000001a410000,0x000000001a510000] [id=25848]

VM state:not at safepoint (normal execution)

VM Mutex/Monitor currently owned by a thread: None

heap address: 0x00000000a0000000, size: 1536 MB, Compressed Oops mode: 32-bit
Narrow klass base: 0x0000000000000000, Narrow klass shift: 3
Compressed class space size: 1073741824 Address: 0x0000000100000000

Heap:
 PSYoungGen      total 464384K, used 280589K [0x00000000e0000000, 0x00000000ffc80000, 0x0000000100000000)
  eden space 412160K, 64% used [0x00000000e0000000,0x00000000f03b3fc0,0x00000000f9280000)
  from space 52224K, 28% used [0x00000000fc980000,0x00000000fd7cf730,0x00000000ffc80000)
  to   space 54272K, 0% used [0x00000000f9280000,0x00000000f9280000,0x00000000fc780000)
 ParOldGen       total 207872K, used 171378K [0x00000000a0000000, 0x00000000acb00000, 0x00000000e0000000)
  object space 207872K, 82% used [0x00000000a0000000,0x00000000aa75c950,0x00000000acb00000)
 Metaspace       used 92464K, capacity 97730K, committed 97816K, reserved 1134592K
  class space    used 12310K, capacity 13302K, committed 13360K, reserved 1048576K

Card table byte_map: [0x00000000125c0000,0x00000000128d0000] byte_map_base: 0x00000000120c0000

Marking Bits: (ParMarkBitMap*) 0x0000000064f5f030
 Begin Bits: [0x00000000134d0000, 0x0000000014cd0000)
 End Bits:   [0x0000000014cd0000, 0x00000000164d0000)

Polling page: 0x00000000030d0000

CodeCache: size=245760Kb used=50028Kb max_used=50063Kb free=195731Kb
 bounds [0x0000000003200000, 0x0000000006380000, 0x0000000012200000]
 total_blobs=15574 nmethods=14651 adapters=834
 compilation: enabled

Compilation events (10 events):
Event: 57.455 Thread 0x00000000188c5000 nmethod 14100% 0x00000000041f8d90 code [0x00000000041f9fa0, 0x0000000004200158]
Event: 57.455 Thread 0x00000000188c5000 14157 %     4       com.android.tools.r8.ir.conversion.X::h @ 36 (345 bytes)
Event: 57.509 Thread 0x00000000188c5000 nmethod 14157% 0x0000000005bb4c50 code [0x0000000005bb4e80, 0x0000000005bb6450]
Event: 57.510 Thread 0x00000000188c5000 14073 %     4       com.android.tools.r8.ir.optimize.PeepholeOptimizer::a @ 90 (1322 bytes)
Event: 57.609 Thread 0x00000000188c8000 nmethod 13988% 0x000000000633fb50 code [0x0000000006340600, 0x0000000006348db0]
Event: 57.609 Thread 0x00000000188c8000 14436 %     4       com.android.tools.r8.ir.analysis.g.e::a @ 222 (268 bytes)
Event: 57.935 Thread 0x00000000188c8000 nmethod 14436% 0x0000000006356a90 code [0x00000000063571a0, 0x000000000635bd20]
Event: 57.935 Thread 0x00000000188c8000 14331 %     4       com.android.tools.r8.ir.code.IRCode::b @ 98 (1148 bytes)
Event: 58.022 Thread 0x00000000188bb800 nmethod 14043% 0x0000000006364990 code [0x0000000006365700, 0x000000000636cb78]
Event: 58.023 Thread 0x00000000188bb800 14141 %     4       com.android.tools.r8.ir.regalloc.LinearScanRegisterAllocator::f @ 10 (605 bytes)

GC Heap History (10 events):
Event: 52.269 GC heap before
{Heap before GC invocations=25 (full 3):
 PSYoungGen      total 397312K, used 388565K [0x00000000e0000000, 0x0000000100000000, 0x0000000100000000)
  eden space 349184K, 100% used [0x00000000e0000000,0x00000000f5500000,0x00000000f5500000)
  from space 48128K, 81% used [0x00000000f5500000,0x00000000f7b75620,0x00000000f8400000)
  to   space 51712K, 0% used [0x00000000fcd80000,0x00000000fcd80000,0x0000000100000000)
 ParOldGen       total 207872K, used 122029K [0x00000000a0000000, 0x00000000acb00000, 0x00000000e0000000)
  object space 207872K, 58% used [0x00000000a0000000,0x00000000a772b6b8,0x00000000acb00000)
 Metaspace       used 86791K, capacity 91792K, committed 91928K, reserved 1128448K
  class space    used 11524K, capacity 12529K, committed 12592K, reserved 1048576K
Event: 52.293 GC heap after
Heap after GC invocations=25 (full 3):
 PSYoungGen      total 473088K, used 29094K [0x00000000e0000000, 0x0000000100000000, 0x0000000100000000)
  eden space 421376K, 0% used [0x00000000e0000000,0x00000000e0000000,0x00000000f9b80000)
  from space 51712K, 56% used [0x00000000fcd80000,0x00000000fe9e98e8,0x0000000100000000)
  to   space 51200K, 0% used [0x00000000f9b80000,0x00000000f9b80000,0x00000000fcd80000)
 ParOldGen       total 207872K, used 130866K [0x00000000a0000000, 0x00000000acb00000, 0x00000000e0000000)
  object space 207872K, 62% used [0x00000000a0000000,0x00000000a7fcc9a8,0x00000000acb00000)
 Metaspace       used 86791K, capacity 91792K, committed 91928K, reserved 1128448K
  class space    used 11524K, capacity 12529K, committed 12592K, reserved 1048576K
}
Event: 52.749 GC heap before
{Heap before GC invocations=26 (full 3):
 PSYoungGen      total 473088K, used 450470K [0x00000000e0000000, 0x0000000100000000, 0x0000000100000000)
  eden space 421376K, 100% used [0x00000000e0000000,0x00000000f9b80000,0x00000000f9b80000)
  from space 51712K, 56% used [0x00000000fcd80000,0x00000000fe9e98e8,0x0000000100000000)
  to   space 51200K, 0% used [0x00000000f9b80000,0x00000000f9b80000,0x00000000fcd80000)
 ParOldGen       total 207872K, used 130866K [0x00000000a0000000, 0x00000000acb00000, 0x00000000e0000000)
  object space 207872K, 62% used [0x00000000a0000000,0x00000000a7fcc9a8,0x00000000acb00000)
 Metaspace       used 86953K, capacity 91940K, committed 92184K, reserved 1128448K
  class space    used 11524K, capacity 12529K, committed 12592K, reserved 1048576K
Event: 52.773 GC heap after
Heap after GC invocations=26 (full 3):
 PSYoungGen      total 469504K, used 47908K [0x00000000e0000000, 0x0000000100000000, 0x0000000100000000)
  eden space 421376K, 0% used [0x00000000e0000000,0x00000000e0000000,0x00000000f9b80000)
  from space 48128K, 99% used [0x00000000f9b80000,0x00000000fca49228,0x00000000fca80000)
  to   space 54784K, 0% used [0x00000000fca80000,0x00000000fca80000,0x0000000100000000)
 ParOldGen       total 207872K, used 143318K [0x00000000a0000000, 0x00000000acb00000, 0x00000000e0000000)
  object space 207872K, 68% used [0x00000000a0000000,0x00000000a8bf5970,0x00000000acb00000)
 Metaspace       used 86953K, capacity 91940K, committed 92184K, reserved 1128448K
  class space    used 11524K, capacity 12529K, committed 12592K, reserved 1048576K
}
Event: 53.364 GC heap before
{Heap before GC invocations=27 (full 3):
 PSYoungGen      total 469504K, used 469284K [0x00000000e0000000, 0x0000000100000000, 0x0000000100000000)
  eden space 421376K, 100% used [0x00000000e0000000,0x00000000f9b80000,0x00000000f9b80000)
  from space 48128K, 99% used [0x00000000f9b80000,0x00000000fca49228,0x00000000fca80000)
  to   space 54784K, 0% used [0x00000000fca80000,0x00000000fca80000,0x0000000100000000)
 ParOldGen       total 207872K, used 143318K [0x00000000a0000000, 0x00000000acb00000, 0x00000000e0000000)
  object space 207872K, 68% used [0x00000000a0000000,0x00000000a8bf59c0,0x00000000acb00000)
 Metaspace       used 87134K, capacity 92236K, committed 92440K, reserved 1128448K
  class space    used 11540K, capacity 12547K, committed 12592K, reserved 1048576K
Event: 53.379 GC heap after
Heap after GC invocations=27 (full 3):
 PSYoungGen      total 466432K, used 15481K [0x00000000e0000000, 0x0000000100000000, 0x0000000100000000)
  eden space 411648K, 0% used [0x00000000e0000000,0x00000000e0000000,0x00000000f9200000)
  from space 54784K, 28% used [0x00000000fca80000,0x00000000fd99e478,0x0000000100000000)
  to   space 56320K, 0% used [0x00000000f9200000,0x00000000f9200000,0x00000000fc900000)
 ParOldGen       total 207872K, used 152114K [0x00000000a0000000, 0x00000000acb00000, 0x00000000e0000000)
  object space 207872K, 73% used [0x00000000a0000000,0x00000000a948c920,0x00000000acb00000)
 Metaspace       used 87134K, capacity 92236K, committed 92440K, reserved 1128448K
  class space    used 11540K, capacity 12547K, committed 12592K, reserved 1048576K
}
Event: 54.097 GC heap before
{Heap before GC invocations=28 (full 3):
 PSYoungGen      total 466432K, used 427129K [0x00000000e0000000, 0x0000000100000000, 0x0000000100000000)
  eden space 411648K, 100% used [0x00000000e0000000,0x00000000f9200000,0x00000000f9200000)
  from space 54784K, 28% used [0x00000000fca80000,0x00000000fd99e478,0x0000000100000000)
  to   space 56320K, 0% used [0x00000000f9200000,0x00000000f9200000,0x00000000fc900000)
 ParOldGen       total 207872K, used 152122K [0x00000000a0000000, 0x00000000acb00000, 0x00000000e0000000)
  object space 207872K, 73% used [0x00000000a0000000,0x00000000a948eb30,0x00000000acb00000)
 Metaspace       used 88678K, capacity 93764K, committed 93976K, reserved 1130496K
  class space    used 11735K, capacity 12747K, committed 12848K, reserved 1048576K
Event: 54.114 GC heap after
Heap after GC invocations=28 (full 3):
 PSYoungGen      total 467968K, used 10300K [0x00000000e0000000, 0x0000000100000000, 0x0000000100000000)
  eden space 411648K, 0% used [0x00000000e0000000,0x00000000e0000000,0x00000000f9200000)
  from space 56320K, 18% used [0x00000000f9200000,0x00000000f9c0f398,0x00000000fc900000)
  to   space 55808K, 0% used [0x00000000fc980000,0x00000000fc980000,0x0000000100000000)
 ParOldGen       total 207872K, used 164669K [0x00000000a0000000, 0x00000000acb00000, 0x00000000e0000000)
  object space 207872K, 79% used [0x00000000a0000000,0x00000000aa0cf6a0,0x00000000acb00000)
 Metaspace       used 88678K, capacity 93764K, committed 93976K, reserved 1130496K
  class space    used 11735K, capacity 12747K, committed 12848K, reserved 1048576K
}
Event: 55.295 GC heap before
{Heap before GC invocations=29 (full 3):
 PSYoungGen      total 467968K, used 421948K [0x00000000e0000000, 0x0000000100000000, 0x0000000100000000)
  eden space 411648K, 100% used [0x00000000e0000000,0x00000000f9200000,0x00000000f9200000)
  from space 56320K, 18% used [0x00000000f9200000,0x00000000f9c0f398,0x00000000fc900000)
  to   space 55808K, 0% used [0x00000000fc980000,0x00000000fc980000,0x0000000100000000)
 ParOldGen       total 207872K, used 164669K [0x00000000a0000000, 0x00000000acb00000, 0x00000000e0000000)
  object space 207872K, 79% used [0x00000000a0000000,0x00000000aa0cf6a0,0x00000000acb00000)
 Metaspace       used 91592K, capacity 96770K, committed 96920K, reserved 1132544K
  class space    used 12187K, capacity 13204K, committed 13232K, reserved 1048576K
Event: 55.309 GC heap after
Heap after GC invocations=29 (full 3):
 PSYoungGen      total 464384K, used 14653K [0x00000000e0000000, 0x00000000ffc80000, 0x0000000100000000)
  eden space 412160K, 0% used [0x00000000e0000000,0x00000000e0000000,0x00000000f9280000)
  from space 52224K, 28% used [0x00000000fc980000,0x00000000fd7cf730,0x00000000ffc80000)
  to   space 54272K, 0% used [0x00000000f9280000,0x00000000f9280000,0x00000000fc780000)
 ParOldGen       total 207872K, used 171378K [0x00000000a0000000, 0x00000000acb00000, 0x00000000e0000000)
  object space 207872K, 82% used [0x00000000a0000000,0x00000000aa75c950,0x00000000acb00000)
 Metaspace       used 91592K, capacity 96770K, committed 96920K, reserved 1132544K
  class space    used 12187K, capacity 13204K, committed 13232K, reserved 1048576K
}

Deoptimization events (10 events):
Event: 55.993 Thread 0x000000001c057000 Uncommon trap: reason=unstable_if action=reinterpret pc=0x00000000046f795c method=java.io.ObjectInputStream.filterCheck(Ljava/lang/Class;I)V @ 4
Event: 56.022 Thread 0x000000001c057000 Uncommon trap: reason=predicate action=maybe_recompile pc=0x00000000062a4e58 method=java.util.TimSort.reverseRange([Ljava/lang/Object;II)V @ 8
Event: 56.127 Thread 0x0000000021cef000 Uncommon trap: reason=class_check action=maybe_recompile pc=0x0000000004a592c8 method=java.lang.ThreadLocal.set(Ljava/lang/Object;)V @ 26
Event: 56.133 Thread 0x0000000021cef000 Uncommon trap: reason=unstable_if action=reinterpret pc=0x000000000555b6e8 method=java.io.ObjectInputStream.filterCheck(Ljava/lang/Class;I)V @ 4
Event: 56.197 Thread 0x000000001b373000 Uncommon trap: reason=array_check action=maybe_recompile pc=0x00000000056fb710 method=java.util.TimSort.reverseRange([Ljava/lang/Object;II)V @ 20
Event: 56.197 Thread 0x000000001b373000 Uncommon trap: reason=array_check action=maybe_recompile pc=0x00000000056fb710 method=java.util.TimSort.reverseRange([Ljava/lang/Object;II)V @ 20
Event: 56.197 Thread 0x000000001b373000 Uncommon trap: reason=array_check action=maybe_recompile pc=0x00000000056fb710 method=java.util.TimSort.reverseRange([Ljava/lang/Object;II)V @ 20
Event: 56.197 Thread 0x000000001b373000 Uncommon trap: reason=array_check action=maybe_recompile pc=0x00000000056fb710 method=java.util.TimSort.reverseRange([Ljava/lang/Object;II)V @ 20
Event: 56.357 Thread 0x000000001b373000 Uncommon trap: reason=unstable_if action=reinterpret pc=0x00000000056dc128 method=java.util.TimSort.mergeLo(IIII)V @ 529
Event: 56.455 Thread 0x000000001b373000 Uncommon trap: reason=unstable_if action=reinterpret pc=0x0000000003fe9ff8 method=java.nio.Bits.copyFromArray(Ljava/lang/Object;JJJJ)V @ 18

Classes redefined (0 events):
No events

Internal exceptions (10 events):
Event: 55.983 Thread 0x000000001c057000 Exception <a 'java/lang/NoSuchMethodError': <clinit>> (0x00000000ec721df8) thrown at [C:\src\AOSP-openjdk-git\hotspot\src\share\vm\prims\jni.cpp, line 1615]
Event: 55.986 Thread 0x000000001c057000 Exception <a 'java/lang/NoSuchMethodError': <clinit>> (0x00000000ec753da8) thrown at [C:\src\AOSP-openjdk-git\hotspot\src\share\vm\prims\jni.cpp, line 1615]
Event: 56.004 Thread 0x000000001e5cf800 Exception <a 'java/lang/InterruptedException'> (0x00000000ecb4dd60) thrown at [C:\src\AOSP-openjdk-git\hotspot\src\share\vm\runtime\objectMonitor.cpp, line 1680]
Event: 56.022 Thread 0x000000001c057000 Exception <a 'java/lang/NoSuchMethodError': <clinit>> (0x00000000ecf3aa18) thrown at [C:\src\AOSP-openjdk-git\hotspot\src\share\vm\prims\jni.cpp, line 1615]
Event: 56.023 Thread 0x000000001c057000 Exception <a 'java/lang/NoSuchMethodError': <clinit>> (0x00000000ecf4cdc8) thrown at [C:\src\AOSP-openjdk-git\hotspot\src\share\vm\prims\jni.cpp, line 1615]
Event: 56.025 Thread 0x000000001c057000 Exception <a 'java/lang/NoSuchMethodError': <clinit>> (0x00000000ecf65540) thrown at [C:\src\AOSP-openjdk-git\hotspot\src\share\vm\prims\jni.cpp, line 1615]
Event: 56.034 Thread 0x000000001c057000 Exception <a 'java/lang/NoSuchMethodError': <clinit>> (0x00000000ecfa78a0) thrown at [C:\src\AOSP-openjdk-git\hotspot\src\share\vm\prims\jni.cpp, line 1615]
Event: 56.068 Thread 0x000000001c057000 Exception <a 'java/lang/NoSuchMethodError': <clinit>> (0x00000000ed1547a8) thrown at [C:\src\AOSP-openjdk-git\hotspot\src\share\vm\prims\jni.cpp, line 1615]
Event: 56.072 Thread 0x000000001c057000 Exception <a 'java/lang/NoSuchMethodError': <clinit>> (0x00000000ed597728) thrown at [C:\src\AOSP-openjdk-git\hotspot\src\share\vm\prims\jni.cpp, line 1615]
Event: 56.454 Thread 0x000000001b373000 Exception <a 'sun/nio/fs/WindowsException'> (0x00000000efc3cd48) thrown at [C:\src\AOSP-openjdk-git\hotspot\src\share\vm\prims\jni.cpp, line 710]

Events (10 events):
Event: 56.471 Thread 0x00000000188c3800 flushing nmethod 0x0000000005b41b50
Event: 56.471 Thread 0x00000000188c3800 flushing nmethod 0x0000000005bad5d0
Event: 56.471 Thread 0x00000000188c3800 flushing nmethod 0x0000000005bb4710
Event: 56.471 Thread 0x00000000188c3800 flushing nmethod 0x0000000005c0c5d0
Event: 56.471 Thread 0x00000000188c3800 flushing nmethod 0x0000000005c13210
Event: 56.471 Thread 0x00000000188c3800 flushing nmethod 0x0000000005c1dc50
Event: 56.471 Thread 0x00000000188c3800 flushing nmethod 0x0000000005c74190
Event: 56.472 Thread 0x00000000188c3800 flushing nmethod 0x0000000005d00f10
Event: 56.472 Thread 0x00000000188c3800 flushing nmethod 0x0000000005d2cdd0
Event: 56.472 Thread 0x00000000188c3800 flushing nmethod 0x0000000005d5fa90


Dynamic libraries:
0x00007ff770990000 - 0x00007ff7709c1000 	C:\Program Files\Android\Android Studio\jre\bin\java.exe
0x00007ffe868d0000 - 0x00007ffe86ac5000 	C:\WINDOWS\SYSTEM32\ntdll.dll
0x00007ffe85370000 - 0x00007ffe8542d000 	C:\WINDOWS\System32\KERNEL32.DLL
0x00007ffe84010000 - 0x00007ffe842d7000 	C:\WINDOWS\System32\KERNELBASE.dll
0x00007ffe85c30000 - 0x00007ffe85cda000 	C:\WINDOWS\System32\ADVAPI32.dll
0x00007ffe84930000 - 0x00007ffe849ce000 	C:\WINDOWS\System32\msvcrt.dll
0x00007ffe85dc0000 - 0x00007ffe85e5b000 	C:\WINDOWS\System32\sechost.dll
0x00007ffe861b0000 - 0x00007ffe862d4000 	C:\WINDOWS\System32\RPCRT4.dll
0x00007ffe84c10000 - 0x00007ffe84db0000 	C:\WINDOWS\System32\USER32.dll
0x00007ffe84410000 - 0x00007ffe84432000 	C:\WINDOWS\System32\win32u.dll
0x00007ffe86070000 - 0x00007ffe8609a000 	C:\WINDOWS\System32\GDI32.dll
0x00007ffe84600000 - 0x00007ffe84709000 	C:\WINDOWS\System32\gdi32full.dll
0x00007ffe84710000 - 0x00007ffe847ad000 	C:\WINDOWS\System32\msvcp_win.dll
0x00007ffe842e0000 - 0x00007ffe843e0000 	C:\WINDOWS\System32\ucrtbase.dll
0x00007ffe78b80000 - 0x00007ffe78e1b000 	C:\WINDOWS\WinSxS\amd64_microsoft.windows.common-controls_6595b64144ccf1df_6.0.19041.488_none_ca04af081b815d21\COMCTL32.dll
0x00007ffe84be0000 - 0x00007ffe84c10000 	C:\WINDOWS\System32\IMM32.DLL
0x0000000065490000 - 0x0000000065562000 	C:\Program Files\Android\Android Studio\jre\jre\bin\msvcr100.dll
0x0000000064790000 - 0x0000000064fdb000 	C:\Program Files\Android\Android Studio\jre\jre\bin\server\jvm.dll
0x00007ffe867e0000 - 0x00007ffe867e8000 	C:\WINDOWS\System32\PSAPI.DLL
0x00007ffe7ce20000 - 0x00007ffe7ce29000 	C:\WINDOWS\SYSTEM32\WSOCK32.dll
0x00007ffe78fd0000 - 0x00007ffe78ff7000 	C:\WINDOWS\SYSTEM32\WINMM.dll
0x00007ffe85110000 - 0x00007ffe8517b000 	C:\WINDOWS\System32\WS2_32.dll
0x00007ffe7ae90000 - 0x00007ffe7ae9a000 	C:\WINDOWS\SYSTEM32\VERSION.dll
0x00007ffe81630000 - 0x00007ffe8163f000 	C:\Program Files\Android\Android Studio\jre\jre\bin\verify.dll
0x00007ffe7bc60000 - 0x00007ffe7bc89000 	C:\Program Files\Android\Android Studio\jre\jre\bin\java.dll
0x00007ffe7bc00000 - 0x00007ffe7bc16000 	C:\Program Files\Android\Android Studio\jre\jre\bin\zip.dll
0x00007ffe85430000 - 0x00007ffe85b71000 	C:\WINDOWS\System32\SHELL32.dll
0x00007ffe82060000 - 0x00007ffe827f3000 	C:\WINDOWS\SYSTEM32\windows.storage.dll
0x00007ffe84db0000 - 0x00007ffe85105000 	C:\WINDOWS\System32\combase.dll
0x00007ffe83a10000 - 0x00007ffe83a3c000 	C:\WINDOWS\SYSTEM32\Wldp.dll
0x00007ffe86100000 - 0x00007ffe861ae000 	C:\WINDOWS\System32\SHCORE.dll
0x00007ffe860a0000 - 0x00007ffe860f5000 	C:\WINDOWS\System32\shlwapi.dll
0x00007ffe83f40000 - 0x00007ffe83f66000 	C:\WINDOWS\SYSTEM32\profapi.dll
0x00007ffe7d6c0000 - 0x00007ffe7d6da000 	C:\Program Files\Android\Android Studio\jre\jre\bin\net.dll
0x00007ffe83730000 - 0x00007ffe8379a000 	C:\WINDOWS\system32\mswsock.dll
0x00007ffe7bbe0000 - 0x00007ffe7bbf3000 	C:\Program Files\Android\Android Studio\jre\jre\bin\nio.dll
0x00007ffe52ef0000 - 0x00007ffe52f16000 	C:\Users\user\.gradle\native\30\windows-amd64\native-platform.dll
0x00007ffe7e240000 - 0x00007ffe7e24d000 	C:\Program Files\Android\Android Studio\jre\jre\bin\management.dll
0x00007ffe83970000 - 0x00007ffe83988000 	C:\WINDOWS\SYSTEM32\CRYPTSP.dll
0x00007ffe830c0000 - 0x00007ffe830f4000 	C:\WINDOWS\system32\rsaenh.dll
0x00007ffe843e0000 - 0x00007ffe84407000 	C:\WINDOWS\System32\bcrypt.dll
0x00007ffe83f00000 - 0x00007ffe83f2e000 	C:\WINDOWS\SYSTEM32\USERENV.dll
0x00007ffe847b0000 - 0x00007ffe8482f000 	C:\WINDOWS\System32\bcryptprimitives.dll
0x00007ffe83960000 - 0x00007ffe8396c000 	C:\WINDOWS\SYSTEM32\CRYPTBASE.dll
0x00007ffe83420000 - 0x00007ffe8345b000 	C:\WINDOWS\SYSTEM32\IPHLPAPI.DLL
0x00007ffe86880000 - 0x00007ffe86889000 	C:\WINDOWS\System32\NSI.dll
0x00007ffe7a270000 - 0x00007ffe7a287000 	C:\WINDOWS\SYSTEM32\dhcpcsvc6.DLL
0x00007ffe7a2c0000 - 0x00007ffe7a2dd000 	C:\WINDOWS\SYSTEM32\dhcpcsvc.DLL
0x00007ffe83460000 - 0x00007ffe8352b000 	C:\WINDOWS\SYSTEM32\DNSAPI.dll
0x00007ffe54370000 - 0x00007ffe54394000 	C:\Program Files\Android\Android Studio\jre\jre\bin\sunec.dll
0x00007ffe7adf0000 - 0x00007ffe7adfa000 	C:\Windows\System32\rasadhlp.dll
0x00007ffe789a0000 - 0x00007ffe78a1f000 	C:\WINDOWS\System32\fwpuclnt.dll
0x00007ffe76790000 - 0x00007ffe7679b000 	C:\Program Files\Android\Android Studio\jre\jre\bin\sunmscapi.dll
0x00007ffe84440000 - 0x00007ffe8459d000 	C:\WINDOWS\System32\CRYPT32.dll
0x00007ffe81580000 - 0x00007ffe81610000 	C:\WINDOWS\system32\apphelp.dll
0x00007ffe77d30000 - 0x00007ffe77d4e000 	C:\Users\user\AppData\Local\Temp\native-platform5293045352625669903dir\native-platform.dll

VM Arguments:
jvm_args: -Xmx1536M -Dfile.encoding=windows-1252 -Duser.country=ID -Duser.language=en -Duser.variant 
java_command: org.gradle.launcher.daemon.bootstrap.GradleDaemon 5.6.2
java_class_path (initial): C:\Users\user\.gradle\wrapper\dists\gradle-5.6.2-all\9st6wgf78h16so49nn74lgtbb\gradle-5.6.2\lib\gradle-launcher-5.6.2.jar
Launcher Type: SUN_STANDARD

Environment Variables:
JAVA_HOME=C:\Program Files\Android\Android Studio\jre
CLASSPATH=D:\Android\flutter_app\android\\gradle\wrapper\gradle-wrapper.jar
PATH=C:\Program Files (x86)\Common Files\Oracle\Java\javapath;C:\Windows\system32;C:\Windows;C:\Windows\System32\Wbem;C:\Windows\System32\WindowsPowerShell\v1.0\;C:\Windows\System32\OpenSSH\;C:\Program Files (x86)\NVIDIA Corporation\PhysX\Common;C:\Program Files\NVIDIA Corporation\NVIDIA NvDLISR;D:\xampp\php\php.exe;D:\xampp\php\PEAR;C:\Program Files\Microsoft VS Code\bin;C:\Program Files\Java\jdk1.8.0_111\bin;C:\Program Files\kotlinc\bin;C:\Program Files\Dart\dart-sdk\bin;D:\XAMPP\php;C:\ProgramData\ComposerSetup\bin;D:\nodeJS\;C:\WINDOWS\system32;C:\WINDOWS;C:\WINDOWS\System32\Wbem;C:\WINDOWS\System32\WindowsPowerShell\v1.0\;C:\WINDOWS\System32\OpenSSH\;c:\Program Files (x86)\QuickTime\QTSystem\;D:\Flutter\flutter\bin;C:\src\flutter;C:\src\flutter\bin\mingit\cmd
USERNAME=Ivan
OS=Windows_NT
PROCESSOR_IDENTIFIER=Intel64 Family 6 Model 158 Stepping 10, GenuineIntel



---------------  S Y S T E M  ---------------

OS: Windows 10.0 , 64 bit Build 19041 (10.0.19041.292)

CPU:total 12 (initial active 12) (6 cores per cpu, 2 threads per core) family 6 model 158 stepping 10, cmov, cx8, fxsr, mmx, sse, sse2, sse3, ssse3, sse4.1, sse4.2, popcnt, avx, avx2, aes, clmul, erms, 3dnowpref, lzcnt, ht, tsc, tscinvbit, bmi1, bmi2, adx

Memory: 4k page, physical 16694516k(1579788k free), swap 26819284k(4204k free)

vm_info: OpenJDK 64-Bit Server VM (25.242-b01) for windows-amd64 JRE (1.8.0_242-release-1644-b01), built by "builder" with MS VC++ 10.0 (VS2010)

time: Sat Sep 12 01:37:42 2020
timezone: SE Asia Standard Time
elapsed time: 58 seconds (0d 0h 0m 58s)

